<?xml version="1.0" encoding="UTF-8"?>
<testng-results ignored="0" total="1" passed="1" failed="0" skipped="0">
  <reporter-output>
  </reporter-output>
  <suite started-at="2024-07-15T01:03:20 IST" name="Default suite" finished-at="2024-07-15T01:03:43 IST" duration-ms="22630">
    <groups>
    </groups>
    <test started-at="2024-07-15T01:03:20 IST" name="Default test" finished-at="2024-07-15T01:03:43 IST" duration-ms="22630">
      <class name="ecommerce.Project.Test_Case6">
        <test-method signature="Search_shoes()[pri:0, instance:ecommerce.Project.Test_Case6@56cdfb3b]" started-at="2024-07-15T01:03:20 IST" name="Search_shoes" finished-at="2024-07-15T01:03:43 IST" duration-ms="22573" status="PASS">
          <reporter-output>
          </reporter-output>
        </test-method> <!-- Search_shoes -->
      </class> <!-- ecommerce.Project.Test_Case6 -->
    </test> <!-- Default test -->
  </suite> <!-- Default suite -->
</testng-results>
